<?xml version="1.0" encoding="UTF-8"?>
<!-- Generated by org.testng.reporters.JUnitXMLReporter -->
<testsuite ignored="0" hostname="DESKTOP-L34753V" failures="0" tests="58" name="Default test" time="104.819" errors="0" timestamp="2024-12-02T15:03:47 IST">
  <testcase classname="tests.PersonalInfoTest" name="Showinstitude" time="0.362"/>
  <testcase classname="tests.PersonalInfoTest" name="Selectinstitude" time="0.69"/>
  <testcase classname="tests.PersonalInfoTest" name="ShowRole" time="0.36"/>
  <testcase classname="tests.PersonalInfoTest" name="SelectRole" time="1.112"/>
  <testcase classname="tests.PersonalInfoTest" name="SelectAdmission" time="0.589"/>
  <testcase classname="tests.PersonalInfoTest" name="AdmissionPortal" time="0.539"/>
  <testcase classname="tests.PersonalInfoTest" name="Applied" time="0.925"/>
  <testcase classname="tests.PersonalInfoTest" name="ViewApplication" time="0.781"/>
  <testcase classname="tests.PersonalInfoTest" name="PersonalView" time="0.777"/>
  <testcase classname="tests.PersonalInfoTest" name="PersonalEdit" time="3.81"/>
  <testcase classname="tests.PersonalInfoTest" name="Mr" time="0.885"/>
  <testcase classname="tests.PersonalInfoTest" name="MrSelect" time="0.473"/>
  <testcase classname="tests.PersonalInfoTest" name="PersonalFirstName" time="0.871"/>
  <testcase classname="tests.PersonalInfoTest" name="PersonalMiddleName" time="0.519"/>
  <testcase classname="tests.PersonalInfoTest" name="PersonalLastName" time="0.53"/>
  <testcase classname="tests.PersonalInfoTest" name="MotherNameP" time="0.589"/>
  <testcase classname="tests.PersonalInfoTest" name="PersonalEmail" time="1.998"/>
  <testcase classname="tests.PersonalInfoTest" name="DOB" time="0.379"/>
  <testcase classname="tests.PersonalInfoTest" name="DOBSelect" time="1.467"/>
  <testcase classname="tests.PersonalInfoTest" name="Male" time="0.458"/>
  <testcase classname="tests.PersonalInfoTest" name="Contact" time="2.152"/>
  <testcase classname="tests.PersonalInfoTest" name="AddContact" time="1.888"/>
  <testcase classname="tests.PersonalInfoTest" name="WhatsApp" time="1.187"/>
  <testcase classname="tests.PersonalInfoTest" name="AddressLine1" time="0.917"/>
  <testcase classname="tests.PersonalInfoTest" name="AddressLine2" time="0.68"/>
  <testcase classname="tests.PersonalInfoTest" name="Country" time="0.266"/>
  <testcase classname="tests.PersonalInfoTest" name="India" time="0.749"/>
  <testcase classname="tests.PersonalInfoTest" name="StateP" time="0.367"/>
  <testcase classname="tests.PersonalInfoTest" name="Maharashtra" time="0.847"/>
  <testcase classname="tests.PersonalInfoTest" name="District" time="0.921"/>
  <testcase classname="tests.PersonalInfoTest" name="Kolhapur" time="0.555"/>
  <testcase classname="tests.PersonalInfoTest" name="Town" time="0.739"/>
  <testcase classname="tests.PersonalInfoTest" name="PinCodeP" time="0.717"/>
  <testcase classname="tests.PersonalInfoTest" name="ChackAddress" time="0.354"/>
  <testcase classname="tests.PersonalInfoTest" name="Nationality" time="0.72"/>
  <testcase classname="tests.PersonalInfoTest" name="Indian" time="0.582"/>
  <testcase classname="tests.PersonalInfoTest" name="IsMinority" time="0.448"/>
  <testcase classname="tests.PersonalInfoTest" name="MinorityNo" time="0.612"/>
  <testcase classname="tests.PersonalInfoTest" name="Religion" time="0.365"/>
  <testcase classname="tests.PersonalInfoTest" name="Hindu" time="0.505"/>
  <testcase classname="tests.PersonalInfoTest" name="Caste" time="0.85"/>
  <testcase classname="tests.PersonalInfoTest" name="Other" time="0.291"/>
  <testcase classname="tests.PersonalInfoTest" name="OtherCaste" time="2.148"/>
  <testcase classname="tests.PersonalInfoTest" name="Catagory" time="0.502"/>
  <testcase classname="tests.PersonalInfoTest" name="Open" time="0.732"/>
  <testcase classname="tests.PersonalInfoTest" name="MotherTongue" time="1.454"/>
  <testcase classname="tests.PersonalInfoTest" name="Hindi" time="0.204"/>
  <testcase classname="tests.PersonalInfoTest" name="Language" time="0.303"/>
  <testcase classname="tests.PersonalInfoTest" name="SelectedLanguage" time="0.068"/>
  <testcase classname="tests.PersonalInfoTest" name="Facebook" time="0.96"/>
  <testcase classname="tests.PersonalInfoTest" name="Linkedin" time="0.839"/>
  <testcase classname="tests.PersonalInfoTest" name="Twitter" time="0.873"/>
  <testcase classname="tests.PersonalInfoTest" name="Instagram" time="0.767"/>
  <testcase classname="tests.PersonalInfoTest" name="SelectedLanguage2" time="0.212"/>
  <testcase classname="tests.PersonalInfoTest" name="Profile" time="0.393"/>
  <testcase classname="tests.PersonalInfoTest" name="Confirm" time="1.285"/>
  <testcase classname="tests.PersonalInfoTest" name="Signature" time="0.114"/>
  <testcase classname="tests.PersonalInfoTest" name="Confirm2" time="1.21"/>
</testsuite> <!-- Default test -->
